2024-12-21 15:37:16,128 [Worker-4: Loading available Gradle versions] INFO  o.e.b.c.i.u.g.PublishedGradleVersions - Gradle version information cache is not available. Remote download required.
2024-12-22 21:16:38,587 [Worker-4: Loading available Gradle versions] INFO  o.e.b.c.i.u.g.PublishedGradleVersions - Gradle version information cache is out-of-date. Trying to update.
2024-12-23 03:21:53,837 [Worker-1: Loading available Gradle versions] INFO  o.e.b.c.i.u.g.PublishedGradleVersions - Gradle version information cache is up-to-date. Trying to read.
2024-12-26 03:43:54,508 [Worker-1: Loading available Gradle versions] INFO  o.e.b.c.i.u.g.PublishedGradleVersions - Gradle version information cache is out-of-date. Trying to update.
2024-12-27 00:59:48,028 [Worker-4: Loading available Gradle versions] INFO  o.e.b.c.i.u.g.PublishedGradleVersions - Gradle version information cache is up-to-date. Trying to read.
2024-12-28 02:06:59,358 [Worker-5: Loading available Gradle versions] INFO  o.e.b.c.i.u.g.PublishedGradleVersions - Gradle version information cache is out-of-date. Trying to update.
2024-12-28 07:43:35,504 [Worker-5: Loading available Gradle versions] INFO  o.e.b.c.i.u.g.PublishedGradleVersions - Gradle version information cache is up-to-date. Trying to read.
2024-12-29 09:16:42,790 [Worker-2: Loading available Gradle versions] INFO  o.e.b.c.i.u.g.PublishedGradleVersions - Gradle version information cache is out-of-date. Trying to update.
2024-12-30 03:36:47,620 [Worker-4: Loading available Gradle versions] INFO  o.e.b.c.i.u.g.PublishedGradleVersions - Gradle version information cache is up-to-date. Trying to read.
2024-12-31 15:05:49,736 [Worker-4: Loading available Gradle versions] INFO  o.e.b.c.i.u.g.PublishedGradleVersions - Gradle version information cache is out-of-date. Trying to update.
2025-01-03 14:35:53,934 [Worker-3: Loading available Gradle versions] INFO  o.e.b.c.i.u.g.PublishedGradleVersions - Gradle version information cache is out-of-date. Trying to update.
2025-01-03 17:33:08,147 [ModalContext] INFO  o.e.m.c.i.e.AbstractTransferListenerAdapter - Downloading https://repo.maven.apache.org/maven2/org/apache/maven/archetypes/maven-archetype-quickstart/1.1/maven-archetype-quickstart-1.1.pom
2025-01-03 17:33:08,224 [ModalContext] INFO  o.e.m.c.i.e.AbstractTransferListenerAdapter - Downloaded https://repo.maven.apache.org/maven2/org/apache/maven/archetypes/maven-archetype-quickstart/1.1/maven-archetype-quickstart-1.1.pom
2025-01-03 17:33:08,281 [ModalContext] INFO  o.e.m.c.i.e.AbstractTransferListenerAdapter - Downloading https://repo.maven.apache.org/maven2/org/apache/maven/archetypes/maven-archetype-bundles/4/maven-archetype-bundles-4.pom
2025-01-03 17:33:08,283 [ModalContext] INFO  o.e.m.c.i.e.AbstractTransferListenerAdapter - Downloaded https://repo.maven.apache.org/maven2/org/apache/maven/archetypes/maven-archetype-bundles/4/maven-archetype-bundles-4.pom
2025-01-03 17:33:08,302 [ModalContext] INFO  o.e.m.c.i.e.AbstractTransferListenerAdapter - Downloading https://repo.maven.apache.org/maven2/org/apache/maven/archetype/maven-archetype/2.0-alpha-5/maven-archetype-2.0-alpha-5.pom
2025-01-03 17:33:08,305 [ModalContext] INFO  o.e.m.c.i.e.AbstractTransferListenerAdapter - Downloaded https://repo.maven.apache.org/maven2/org/apache/maven/archetype/maven-archetype/2.0-alpha-5/maven-archetype-2.0-alpha-5.pom
2025-01-03 17:33:08,323 [ModalContext] INFO  o.e.m.c.i.e.AbstractTransferListenerAdapter - Downloading https://repo.maven.apache.org/maven2/org/apache/maven/maven-parent/16/maven-parent-16.pom
2025-01-03 17:33:08,327 [ModalContext] INFO  o.e.m.c.i.e.AbstractTransferListenerAdapter - Downloaded https://repo.maven.apache.org/maven2/org/apache/maven/maven-parent/16/maven-parent-16.pom
2025-01-03 17:33:08,348 [ModalContext] INFO  o.e.m.c.i.e.AbstractTransferListenerAdapter - Downloading https://repo.maven.apache.org/maven2/org/apache/apache/7/apache-7.pom
2025-01-03 17:33:08,352 [ModalContext] INFO  o.e.m.c.i.e.AbstractTransferListenerAdapter - Downloaded https://repo.maven.apache.org/maven2/org/apache/apache/7/apache-7.pom
2025-01-03 17:33:08,440 [ModalContext] INFO  o.e.m.c.i.e.AbstractTransferListenerAdapter - Downloading https://repo.maven.apache.org/maven2/org/apache/maven/archetypes/maven-archetype-quickstart/1.1/maven-archetype-quickstart-1.1.jar
2025-01-03 17:33:08,443 [ModalContext] INFO  o.e.m.c.i.e.AbstractTransferListenerAdapter - Downloaded https://repo.maven.apache.org/maven2/org/apache/maven/archetypes/maven-archetype-quickstart/1.1/maven-archetype-quickstart-1.1.jar
2025-01-03 17:33:14,822 [Worker-34: Launching mavenrun-d9bd5172-7182-45e9-8c7e-55b09e3e833b] INFO  o.eclipse.m2e.core.internal.Bundles - getClasspathEntries(Bundle=org.eclipse.m2e.maven.runtime_3.9.900.20240824-1409 [298])
2025-01-03 17:33:14,844 [Worker-34: Launching mavenrun-d9bd5172-7182-45e9-8c7e-55b09e3e833b] INFO  o.eclipse.m2e.core.internal.Bundles - 	Entry: /snap/eclipse/111/usr/lib/eclipse/plugins/org.eclipse.m2e.maven.runtime_3.9.900.20240824-1409
2025-01-03 17:33:14,844 [Worker-34: Launching mavenrun-d9bd5172-7182-45e9-8c7e-55b09e3e833b] INFO  o.eclipse.m2e.core.internal.Bundles - 	Entry: /snap/eclipse/111/usr/lib/eclipse/plugins/org.eclipse.m2e.maven.runtime_3.9.900.20240824-1409/jars/aopalliance-1.0.jar
2025-01-03 17:33:14,844 [Worker-34: Launching mavenrun-d9bd5172-7182-45e9-8c7e-55b09e3e833b] INFO  o.eclipse.m2e.core.internal.Bundles - 	Entry: /snap/eclipse/111/usr/lib/eclipse/plugins/org.eclipse.m2e.maven.runtime_3.9.900.20240824-1409/jars/guice-5.1.0.jar
2025-01-03 17:33:14,845 [Worker-34: Launching mavenrun-d9bd5172-7182-45e9-8c7e-55b09e3e833b] INFO  o.eclipse.m2e.core.internal.Bundles - 	Entry: /snap/eclipse/111/usr/lib/eclipse/plugins/org.eclipse.m2e.maven.runtime_3.9.900.20240824-1409/jars/httpclient-4.5.14.jar
2025-01-03 17:33:14,845 [Worker-34: Launching mavenrun-d9bd5172-7182-45e9-8c7e-55b09e3e833b] INFO  o.eclipse.m2e.core.internal.Bundles - 	Entry: /snap/eclipse/111/usr/lib/eclipse/plugins/org.eclipse.m2e.maven.runtime_3.9.900.20240824-1409/jars/httpcore-4.4.16.jar
2025-01-03 17:33:14,845 [Worker-34: Launching mavenrun-d9bd5172-7182-45e9-8c7e-55b09e3e833b] INFO  o.eclipse.m2e.core.internal.Bundles - 	Entry: /snap/eclipse/111/usr/lib/eclipse/plugins/org.eclipse.m2e.maven.runtime_3.9.900.20240824-1409/jars/jansi-2.4.1.jar
2025-01-03 17:33:14,845 [Worker-34: Launching mavenrun-d9bd5172-7182-45e9-8c7e-55b09e3e833b] INFO  o.eclipse.m2e.core.internal.Bundles - 	Entry: /snap/eclipse/111/usr/lib/eclipse/plugins/org.eclipse.m2e.maven.runtime_3.9.900.20240824-1409/jars/jcl-over-slf4j-1.7.36.jar
2025-01-03 17:33:14,845 [Worker-34: Launching mavenrun-d9bd5172-7182-45e9-8c7e-55b09e3e833b] INFO  o.eclipse.m2e.core.internal.Bundles - 	Entry: /snap/eclipse/111/usr/lib/eclipse/plugins/org.eclipse.m2e.maven.runtime_3.9.900.20240824-1409/jars/maven-artifact-3.9.9.jar
2025-01-03 17:33:14,846 [Worker-34: Launching mavenrun-d9bd5172-7182-45e9-8c7e-55b09e3e833b] INFO  o.eclipse.m2e.core.internal.Bundles - 	Entry: /snap/eclipse/111/usr/lib/eclipse/plugins/org.eclipse.m2e.maven.runtime_3.9.900.20240824-1409/jars/maven-builder-support-3.9.9.jar
2025-01-03 17:33:14,846 [Worker-34: Launching mavenrun-d9bd5172-7182-45e9-8c7e-55b09e3e833b] INFO  o.eclipse.m2e.core.internal.Bundles - 	Entry: /snap/eclipse/111/usr/lib/eclipse/plugins/org.eclipse.m2e.maven.runtime_3.9.900.20240824-1409/jars/maven-compat-3.9.9.jar
2025-01-03 17:33:14,846 [Worker-34: Launching mavenrun-d9bd5172-7182-45e9-8c7e-55b09e3e833b] INFO  o.eclipse.m2e.core.internal.Bundles - 	Entry: /snap/eclipse/111/usr/lib/eclipse/plugins/org.eclipse.m2e.maven.runtime_3.9.900.20240824-1409/jars/maven-core-3.9.9.jar
2025-01-03 17:33:14,846 [Worker-34: Launching mavenrun-d9bd5172-7182-45e9-8c7e-55b09e3e833b] INFO  o.eclipse.m2e.core.internal.Bundles - 	Entry: /snap/eclipse/111/usr/lib/eclipse/plugins/org.eclipse.m2e.maven.runtime_3.9.900.20240824-1409/jars/maven-embedder-3.9.9.jar
2025-01-03 17:33:14,846 [Worker-34: Launching mavenrun-d9bd5172-7182-45e9-8c7e-55b09e3e833b] INFO  o.eclipse.m2e.core.internal.Bundles - 	Entry: /snap/eclipse/111/usr/lib/eclipse/plugins/org.eclipse.m2e.maven.runtime_3.9.900.20240824-1409/jars/maven-model-3.9.9.jar
2025-01-03 17:33:14,847 [Worker-34: Launching mavenrun-d9bd5172-7182-45e9-8c7e-55b09e3e833b] INFO  o.eclipse.m2e.core.internal.Bundles - 	Entry: /snap/eclipse/111/usr/lib/eclipse/plugins/org.eclipse.m2e.maven.runtime_3.9.900.20240824-1409/jars/maven-model-builder-3.9.9.jar
2025-01-03 17:33:14,847 [Worker-34: Launching mavenrun-d9bd5172-7182-45e9-8c7e-55b09e3e833b] INFO  o.eclipse.m2e.core.internal.Bundles - 	Entry: /snap/eclipse/111/usr/lib/eclipse/plugins/org.eclipse.m2e.maven.runtime_3.9.900.20240824-1409/jars/maven-plugin-api-3.9.9.jar
2025-01-03 17:33:14,847 [Worker-34: Launching mavenrun-d9bd5172-7182-45e9-8c7e-55b09e3e833b] INFO  o.eclipse.m2e.core.internal.Bundles - 	Entry: /snap/eclipse/111/usr/lib/eclipse/plugins/org.eclipse.m2e.maven.runtime_3.9.900.20240824-1409/jars/maven-repository-metadata-3.9.9.jar
2025-01-03 17:33:14,848 [Worker-34: Launching mavenrun-d9bd5172-7182-45e9-8c7e-55b09e3e833b] INFO  o.eclipse.m2e.core.internal.Bundles - 	Entry: /snap/eclipse/111/usr/lib/eclipse/plugins/org.eclipse.m2e.maven.runtime_3.9.900.20240824-1409/jars/maven-resolver-api-1.9.22.jar
2025-01-03 17:33:14,848 [Worker-34: Launching mavenrun-d9bd5172-7182-45e9-8c7e-55b09e3e833b] INFO  o.eclipse.m2e.core.internal.Bundles - 	Entry: /snap/eclipse/111/usr/lib/eclipse/plugins/org.eclipse.m2e.maven.runtime_3.9.900.20240824-1409/jars/maven-resolver-connector-basic-1.9.22.jar
2025-01-03 17:33:14,848 [Worker-34: Launching mavenrun-d9bd5172-7182-45e9-8c7e-55b09e3e833b] INFO  o.eclipse.m2e.core.internal.Bundles - 	Entry: /snap/eclipse/111/usr/lib/eclipse/plugins/org.eclipse.m2e.maven.runtime_3.9.900.20240824-1409/jars/maven-resolver-impl-1.9.22.jar
2025-01-03 17:33:14,848 [Worker-34: Launching mavenrun-d9bd5172-7182-45e9-8c7e-55b09e3e833b] INFO  o.eclipse.m2e.core.internal.Bundles - 	Entry: /snap/eclipse/111/usr/lib/eclipse/plugins/org.eclipse.m2e.maven.runtime_3.9.900.20240824-1409/jars/maven-resolver-named-locks-1.9.22.jar
2025-01-03 17:33:14,849 [Worker-34: Launching mavenrun-d9bd5172-7182-45e9-8c7e-55b09e3e833b] INFO  o.eclipse.m2e.core.internal.Bundles - 	Entry: /snap/eclipse/111/usr/lib/eclipse/plugins/org.eclipse.m2e.maven.runtime_3.9.900.20240824-1409/jars/maven-resolver-provider-3.9.9.jar
2025-01-03 17:33:14,849 [Worker-34: Launching mavenrun-d9bd5172-7182-45e9-8c7e-55b09e3e833b] INFO  o.eclipse.m2e.core.internal.Bundles - 	Entry: /snap/eclipse/111/usr/lib/eclipse/plugins/org.eclipse.m2e.maven.runtime_3.9.900.20240824-1409/jars/maven-resolver-spi-1.9.22.jar
2025-01-03 17:33:14,849 [Worker-34: Launching mavenrun-d9bd5172-7182-45e9-8c7e-55b09e3e833b] INFO  o.eclipse.m2e.core.internal.Bundles - 	Entry: /snap/eclipse/111/usr/lib/eclipse/plugins/org.eclipse.m2e.maven.runtime_3.9.900.20240824-1409/jars/maven-resolver-transport-file-1.9.22.jar
2025-01-03 17:33:14,849 [Worker-34: Launching mavenrun-d9bd5172-7182-45e9-8c7e-55b09e3e833b] INFO  o.eclipse.m2e.core.internal.Bundles - 	Entry: /snap/eclipse/111/usr/lib/eclipse/plugins/org.eclipse.m2e.maven.runtime_3.9.900.20240824-1409/jars/maven-resolver-transport-http-1.9.22.jar
2025-01-03 17:33:14,849 [Worker-34: Launching mavenrun-d9bd5172-7182-45e9-8c7e-55b09e3e833b] INFO  o.eclipse.m2e.core.internal.Bundles - 	Entry: /snap/eclipse/111/usr/lib/eclipse/plugins/org.eclipse.m2e.maven.runtime_3.9.900.20240824-1409/jars/maven-resolver-transport-wagon-1.9.22.jar
2025-01-03 17:33:14,850 [Worker-34: Launching mavenrun-d9bd5172-7182-45e9-8c7e-55b09e3e833b] INFO  o.eclipse.m2e.core.internal.Bundles - 	Entry: /snap/eclipse/111/usr/lib/eclipse/plugins/org.eclipse.m2e.maven.runtime_3.9.900.20240824-1409/jars/maven-resolver-util-1.9.22.jar
2025-01-03 17:33:14,851 [Worker-34: Launching mavenrun-d9bd5172-7182-45e9-8c7e-55b09e3e833b] INFO  o.eclipse.m2e.core.internal.Bundles - 	Entry: /snap/eclipse/111/usr/lib/eclipse/plugins/org.eclipse.m2e.maven.runtime_3.9.900.20240824-1409/jars/maven-settings-3.9.9.jar
2025-01-03 17:33:14,851 [Worker-34: Launching mavenrun-d9bd5172-7182-45e9-8c7e-55b09e3e833b] INFO  o.eclipse.m2e.core.internal.Bundles - 	Entry: /snap/eclipse/111/usr/lib/eclipse/plugins/org.eclipse.m2e.maven.runtime_3.9.900.20240824-1409/jars/maven-settings-builder-3.9.9.jar
2025-01-03 17:33:14,851 [Worker-34: Launching mavenrun-d9bd5172-7182-45e9-8c7e-55b09e3e833b] INFO  o.eclipse.m2e.core.internal.Bundles - 	Entry: /snap/eclipse/111/usr/lib/eclipse/plugins/org.eclipse.m2e.maven.runtime_3.9.900.20240824-1409/jars/maven-shared-utils-3.4.2.jar
2025-01-03 17:33:14,852 [Worker-34: Launching mavenrun-d9bd5172-7182-45e9-8c7e-55b09e3e833b] INFO  o.eclipse.m2e.core.internal.Bundles - 	Entry: /snap/eclipse/111/usr/lib/eclipse/plugins/org.eclipse.m2e.maven.runtime_3.9.900.20240824-1409/jars/org.eclipse.sisu.inject-0.9.0.M3.jar
2025-01-03 17:33:14,852 [Worker-34: Launching mavenrun-d9bd5172-7182-45e9-8c7e-55b09e3e833b] INFO  o.eclipse.m2e.core.internal.Bundles - 	Entry: /snap/eclipse/111/usr/lib/eclipse/plugins/org.eclipse.m2e.maven.runtime_3.9.900.20240824-1409/jars/org.eclipse.sisu.plexus-0.9.0.M3.jar
2025-01-03 17:33:14,852 [Worker-34: Launching mavenrun-d9bd5172-7182-45e9-8c7e-55b09e3e833b] INFO  o.eclipse.m2e.core.internal.Bundles - 	Entry: /snap/eclipse/111/usr/lib/eclipse/plugins/org.eclipse.m2e.maven.runtime_3.9.900.20240824-1409/jars/plexus-build-api-0.0.7.jar
2025-01-03 17:33:14,852 [Worker-34: Launching mavenrun-d9bd5172-7182-45e9-8c7e-55b09e3e833b] INFO  o.eclipse.m2e.core.internal.Bundles - 	Entry: /snap/eclipse/111/usr/lib/eclipse/plugins/org.eclipse.m2e.maven.runtime_3.9.900.20240824-1409/jars/plexus-build-api-1.2.0.jar
2025-01-03 17:33:14,852 [Worker-34: Launching mavenrun-d9bd5172-7182-45e9-8c7e-55b09e3e833b] INFO  o.eclipse.m2e.core.internal.Bundles - 	Entry: /snap/eclipse/111/usr/lib/eclipse/plugins/org.eclipse.m2e.maven.runtime_3.9.900.20240824-1409/jars/plexus-cipher-2.0.jar
2025-01-03 17:33:14,853 [Worker-34: Launching mavenrun-d9bd5172-7182-45e9-8c7e-55b09e3e833b] INFO  o.eclipse.m2e.core.internal.Bundles - 	Entry: /snap/eclipse/111/usr/lib/eclipse/plugins/org.eclipse.m2e.maven.runtime_3.9.900.20240824-1409/jars/plexus-classworlds-2.8.0.jar
2025-01-03 17:33:14,853 [Worker-34: Launching mavenrun-d9bd5172-7182-45e9-8c7e-55b09e3e833b] INFO  o.eclipse.m2e.core.internal.Bundles - 	Entry: /snap/eclipse/111/usr/lib/eclipse/plugins/org.eclipse.m2e.maven.runtime_3.9.900.20240824-1409/jars/plexus-component-annotations-2.1.0.jar
2025-01-03 17:33:14,854 [Worker-34: Launching mavenrun-d9bd5172-7182-45e9-8c7e-55b09e3e833b] INFO  o.eclipse.m2e.core.internal.Bundles - 	Entry: /snap/eclipse/111/usr/lib/eclipse/plugins/org.eclipse.m2e.maven.runtime_3.9.900.20240824-1409/jars/plexus-interpolation-1.27.jar
2025-01-03 17:33:14,855 [Worker-34: Launching mavenrun-d9bd5172-7182-45e9-8c7e-55b09e3e833b] INFO  o.eclipse.m2e.core.internal.Bundles - 	Entry: /snap/eclipse/111/usr/lib/eclipse/plugins/org.eclipse.m2e.maven.runtime_3.9.900.20240824-1409/jars/plexus-sec-dispatcher-2.0.jar
2025-01-03 17:33:14,855 [Worker-34: Launching mavenrun-d9bd5172-7182-45e9-8c7e-55b09e3e833b] INFO  o.eclipse.m2e.core.internal.Bundles - 	Entry: /snap/eclipse/111/usr/lib/eclipse/plugins/org.eclipse.m2e.maven.runtime_3.9.900.20240824-1409/jars/plexus-utils-3.5.1.jar
2025-01-03 17:33:14,855 [Worker-34: Launching mavenrun-d9bd5172-7182-45e9-8c7e-55b09e3e833b] INFO  o.eclipse.m2e.core.internal.Bundles - 	Entry: /snap/eclipse/111/usr/lib/eclipse/plugins/org.eclipse.m2e.maven.runtime_3.9.900.20240824-1409/jars/plexus-xml-3.0.1.jar
2025-01-03 17:33:14,856 [Worker-34: Launching mavenrun-d9bd5172-7182-45e9-8c7e-55b09e3e833b] INFO  o.eclipse.m2e.core.internal.Bundles - 	Entry: /snap/eclipse/111/usr/lib/eclipse/plugins/org.eclipse.m2e.maven.runtime_3.9.900.20240824-1409/jars/wagon-file-3.5.3.jar
2025-01-03 17:33:14,856 [Worker-34: Launching mavenrun-d9bd5172-7182-45e9-8c7e-55b09e3e833b] INFO  o.eclipse.m2e.core.internal.Bundles - 	Entry: /snap/eclipse/111/usr/lib/eclipse/plugins/org.eclipse.m2e.maven.runtime_3.9.900.20240824-1409/jars/wagon-http-3.5.3.jar
2025-01-03 17:33:14,856 [Worker-34: Launching mavenrun-d9bd5172-7182-45e9-8c7e-55b09e3e833b] INFO  o.eclipse.m2e.core.internal.Bundles - 	Entry: /snap/eclipse/111/usr/lib/eclipse/plugins/org.eclipse.m2e.maven.runtime_3.9.900.20240824-1409/jars/wagon-http-shared-3.5.3.jar
2025-01-03 17:33:14,857 [Worker-34: Launching mavenrun-d9bd5172-7182-45e9-8c7e-55b09e3e833b] INFO  o.eclipse.m2e.core.internal.Bundles - 	Entry: /snap/eclipse/111/usr/lib/eclipse/plugins/org.eclipse.m2e.maven.runtime_3.9.900.20240824-1409/jars/wagon-provider-api-3.5.3.jar
2025-01-03 17:33:14,860 [Worker-34: Launching mavenrun-d9bd5172-7182-45e9-8c7e-55b09e3e833b] INFO  o.eclipse.m2e.core.internal.Bundles - getClasspathEntries(Bundle=com.google.guava_33.3.1.jre [10])
2025-01-03 17:33:14,861 [Worker-34: Launching mavenrun-d9bd5172-7182-45e9-8c7e-55b09e3e833b] INFO  o.eclipse.m2e.core.internal.Bundles - 	Entry: /snap/eclipse/111/usr/lib/eclipse/plugins/com.google.guava_33.3.1.jre.jar
2025-01-03 17:33:14,862 [Worker-34: Launching mavenrun-d9bd5172-7182-45e9-8c7e-55b09e3e833b] INFO  o.eclipse.m2e.core.internal.Bundles - getClasspathEntries(Bundle=slf4j.api_2.0.16 [521])
2025-01-03 17:33:14,862 [Worker-34: Launching mavenrun-d9bd5172-7182-45e9-8c7e-55b09e3e833b] INFO  o.eclipse.m2e.core.internal.Bundles - 	Entry: /snap/eclipse/111/usr/lib/eclipse/plugins/slf4j.api_2.0.16.jar
2025-01-03 17:33:14,862 [Worker-34: Launching mavenrun-d9bd5172-7182-45e9-8c7e-55b09e3e833b] INFO  o.eclipse.m2e.core.internal.Bundles - getClasspathEntries(Bundle=jakarta.inject.jakarta.inject-api_1.0.5 [22])
2025-01-03 17:33:14,864 [Worker-34: Launching mavenrun-d9bd5172-7182-45e9-8c7e-55b09e3e833b] INFO  o.eclipse.m2e.core.internal.Bundles - 	Entry: /snap/eclipse/111/usr/lib/eclipse/plugins/jakarta.inject.jakarta.inject-api_1.0.5.jar
2025-01-03 17:33:14,865 [Worker-34: Launching mavenrun-d9bd5172-7182-45e9-8c7e-55b09e3e833b] INFO  o.eclipse.m2e.core.internal.Bundles - getClasspathEntries(Bundle=jakarta.annotation-api_1.3.5 [20])
2025-01-03 17:33:14,865 [Worker-34: Launching mavenrun-d9bd5172-7182-45e9-8c7e-55b09e3e833b] INFO  o.eclipse.m2e.core.internal.Bundles - 	Entry: /snap/eclipse/111/usr/lib/eclipse/plugins/jakarta.annotation-api_1.3.5.jar
2025-01-03 17:33:14,866 [Worker-34: Launching mavenrun-d9bd5172-7182-45e9-8c7e-55b09e3e833b] INFO  o.eclipse.m2e.core.internal.Bundles - getClasspathEntries(Bundle=org.apache.commons.cli_1.9.0 [47])
2025-01-03 17:33:14,866 [Worker-34: Launching mavenrun-d9bd5172-7182-45e9-8c7e-55b09e3e833b] INFO  o.eclipse.m2e.core.internal.Bundles - 	Entry: /snap/eclipse/111/usr/lib/eclipse/plugins/org.apache.commons.cli_1.9.0.jar
2025-01-03 17:33:14,866 [Worker-34: Launching mavenrun-d9bd5172-7182-45e9-8c7e-55b09e3e833b] INFO  o.eclipse.m2e.core.internal.Bundles - getClasspathEntries(Bundle=org.apache.commons.commons-codec_1.16.0 [50])
2025-01-03 17:33:14,866 [Worker-34: Launching mavenrun-d9bd5172-7182-45e9-8c7e-55b09e3e833b] INFO  o.eclipse.m2e.core.internal.Bundles - 	Entry: /snap/eclipse/111/usr/lib/eclipse/plugins/org.apache.commons.commons-codec_1.16.0.jar
2025-01-03 17:33:14,867 [Worker-34: Launching mavenrun-d9bd5172-7182-45e9-8c7e-55b09e3e833b] INFO  o.eclipse.m2e.core.internal.Bundles - getClasspathEntries(Bundle=com.google.guava.failureaccess_1.0.2 [11])
2025-01-03 17:33:14,868 [Worker-34: Launching mavenrun-d9bd5172-7182-45e9-8c7e-55b09e3e833b] INFO  o.eclipse.m2e.core.internal.Bundles - 	Entry: /snap/eclipse/111/usr/lib/eclipse/plugins/com.google.guava.failureaccess_1.0.2.jar
2025-01-03 17:33:14,877 [Worker-34: Launching mavenrun-d9bd5172-7182-45e9-8c7e-55b09e3e833b] INFO  o.e.m.i.launch.MavenLaunchDelegate - Run build in "/tmp/m2e-archetypeGenerator2278722498155232106":
2025-01-03 17:33:14,879 [Worker-34: Launching mavenrun-d9bd5172-7182-45e9-8c7e-55b09e3e833b] INFO  o.e.m.i.launch.MavenLaunchDelegate -  mvn  -DarchetypeGroupId=org.apache.maven.archetypes -DarchetypeArtifactId=maven-archetype-quickstart -DarchetypeVersion=1.1 -DgroupId=33 -DartifactId=33 -Dversion=0.0.1-SNAPSHOT -Dpackage= -DoutputDirectory=/mnt/DECC06C3CC0695C5/Java -Dstyle.color=always -U archetype:generate
2025-01-03 18:17:22,981 [Worker-1: Loading available Gradle versions] INFO  o.e.b.c.i.u.g.PublishedGradleVersions - Gradle version information cache is up-to-date. Trying to read.
2025-01-04 19:16:07,208 [Worker-2: Loading available Gradle versions] INFO  o.e.b.c.i.u.g.PublishedGradleVersions - Gradle version information cache is out-of-date. Trying to update.
2025-01-05 18:58:27,702 [Worker-2: Loading available Gradle versions] INFO  o.e.b.c.i.u.g.PublishedGradleVersions - Gradle version information cache is up-to-date. Trying to read.
2025-01-06 18:26:39,225 [Worker-1: Loading available Gradle versions] INFO  o.e.b.c.i.u.g.PublishedGradleVersions - Gradle version information cache is out-of-date. Trying to update.
2025-01-10 19:36:15,047 [Worker-7: Loading available Gradle versions] INFO  o.e.b.c.i.u.g.PublishedGradleVersions - Gradle version information cache is out-of-date. Trying to update.
2025-01-11 20:10:50,353 [ModalContext] INFO  o.e.m.c.i.e.AbstractTransferListenerAdapter - Downloading https://repo.maven.apache.org/maven2/am/ik/archetype/graalvm-blank-archetype/0.1.3/graalvm-blank-archetype-0.1.3.pom
2025-01-11 20:10:50,390 [ModalContext] INFO  o.e.m.c.i.e.AbstractTransferListenerAdapter - Downloaded https://repo.maven.apache.org/maven2/am/ik/archetype/graalvm-blank-archetype/0.1.3/graalvm-blank-archetype-0.1.3.pom
2025-01-11 20:10:50,463 [ModalContext] INFO  o.e.m.c.i.e.AbstractTransferListenerAdapter - Downloading https://repo.maven.apache.org/maven2/am/ik/archetype/graalvm-blank-archetype/0.1.3/graalvm-blank-archetype-0.1.3.jar
2025-01-11 20:10:50,474 [ModalContext] INFO  o.e.m.c.i.e.AbstractTransferListenerAdapter - Downloaded https://repo.maven.apache.org/maven2/am/ik/archetype/graalvm-blank-archetype/0.1.3/graalvm-blank-archetype-0.1.3.jar
2025-01-11 21:29:59,712 [ModalContext] INFO  o.e.m.c.i.e.AbstractTransferListenerAdapter - Downloading https://repo.maven.apache.org/maven2/org/apache/maven/archetypes/maven-archetype-j2ee-simple/1.0/maven-archetype-j2ee-simple-1.0.pom
2025-01-11 21:29:59,736 [ModalContext] INFO  o.e.m.c.i.e.AbstractTransferListenerAdapter - Downloaded https://repo.maven.apache.org/maven2/org/apache/maven/archetypes/maven-archetype-j2ee-simple/1.0/maven-archetype-j2ee-simple-1.0.pom
2025-01-11 21:29:59,763 [ModalContext] INFO  o.e.m.c.i.e.AbstractTransferListenerAdapter - Downloading https://repo.maven.apache.org/maven2/org/apache/maven/archetypes/maven-archetype-bundles/2/maven-archetype-bundles-2.pom
2025-01-11 21:29:59,767 [ModalContext] INFO  o.e.m.c.i.e.AbstractTransferListenerAdapter - Downloaded https://repo.maven.apache.org/maven2/org/apache/maven/archetypes/maven-archetype-bundles/2/maven-archetype-bundles-2.pom
2025-01-11 21:29:59,782 [ModalContext] INFO  o.e.m.c.i.e.AbstractTransferListenerAdapter - Downloading https://repo.maven.apache.org/maven2/org/apache/maven/archetype/maven-archetype-parent/1/maven-archetype-parent-1.pom
2025-01-11 21:29:59,784 [ModalContext] INFO  o.e.m.c.i.e.AbstractTransferListenerAdapter - Downloaded https://repo.maven.apache.org/maven2/org/apache/maven/archetype/maven-archetype-parent/1/maven-archetype-parent-1.pom
2025-01-11 21:29:59,797 [ModalContext] INFO  o.e.m.c.i.e.AbstractTransferListenerAdapter - Downloading https://repo.maven.apache.org/maven2/org/apache/maven/maven-parent/4/maven-parent-4.pom
2025-01-11 21:29:59,803 [ModalContext] INFO  o.e.m.c.i.e.AbstractTransferListenerAdapter - Downloaded https://repo.maven.apache.org/maven2/org/apache/maven/maven-parent/4/maven-parent-4.pom
2025-01-11 21:29:59,823 [ModalContext] INFO  o.e.m.c.i.e.AbstractTransferListenerAdapter - Downloading https://repo.maven.apache.org/maven2/org/apache/apache/3/apache-3.pom
2025-01-11 21:29:59,826 [ModalContext] INFO  o.e.m.c.i.e.AbstractTransferListenerAdapter - Downloaded https://repo.maven.apache.org/maven2/org/apache/apache/3/apache-3.pom
2025-01-11 21:29:59,848 [ModalContext] INFO  o.e.m.c.i.e.AbstractTransferListenerAdapter - Downloading https://repo.maven.apache.org/maven2/org/apache/maven/archetypes/maven-archetype-j2ee-simple/1.0/maven-archetype-j2ee-simple-1.0.jar
2025-01-11 21:29:59,855 [ModalContext] INFO  o.e.m.c.i.e.AbstractTransferListenerAdapter - Downloaded https://repo.maven.apache.org/maven2/org/apache/maven/archetypes/maven-archetype-j2ee-simple/1.0/maven-archetype-j2ee-simple-1.0.jar
2025-01-11 21:30:23,307 [Worker-103: Launching mavenrun-b7aefa2f-9d8b-469a-b2ac-34e87c7b94c6] INFO  o.e.m.i.launch.MavenLaunchDelegate - Run build in "/tmp/m2e-archetypeGenerator7583312784736079332":
2025-01-11 21:30:23,323 [Worker-103: Launching mavenrun-b7aefa2f-9d8b-469a-b2ac-34e87c7b94c6] INFO  o.e.m.i.launch.MavenLaunchDelegate -  mvn  -DarchetypeGroupId=org.apache.maven.archetypes -DarchetypeArtifactId=maven-archetype-j2ee-simple -DarchetypeVersion=1.0 -DgroupId=org.samble -DartifactId=mavensamble -Dversion=0.0.1-SNAPSHOT -Dpackage=org.samble.mavensamble -DoutputDirectory=/mnt/DECC06C3CC0695C5/Java -Dstyle.color=always -U archetype:generate
2025-01-11 21:37:07,610 [ModalContext] INFO  o.e.m.c.i.e.AbstractTransferListenerAdapter - Downloading https://repo.maven.apache.org/maven2/org/apache/maven/archetypes/maven-archetype-archetype/1.0/maven-archetype-archetype-1.0.pom
2025-01-11 21:37:07,614 [ModalContext] INFO  o.e.m.c.i.e.AbstractTransferListenerAdapter - Downloaded https://repo.maven.apache.org/maven2/org/apache/maven/archetypes/maven-archetype-archetype/1.0/maven-archetype-archetype-1.0.pom
2025-01-11 21:37:07,645 [ModalContext] INFO  o.e.m.c.i.e.AbstractTransferListenerAdapter - Downloading https://repo.maven.apache.org/maven2/org/apache/maven/archetypes/maven-archetype-archetype/1.0/maven-archetype-archetype-1.0.jar
2025-01-11 21:37:07,648 [ModalContext] INFO  o.e.m.c.i.e.AbstractTransferListenerAdapter - Downloaded https://repo.maven.apache.org/maven2/org/apache/maven/archetypes/maven-archetype-archetype/1.0/maven-archetype-archetype-1.0.jar
2025-01-11 21:37:22,305 [Worker-100: Launching mavenrun-d67f91a4-8be8-4983-ba4b-fcd6bbe07425] INFO  o.e.m.i.launch.MavenLaunchDelegate - Run build in "/tmp/m2e-archetypeGenerator1510619062585679983":
2025-01-11 21:37:22,308 [Worker-100: Launching mavenrun-d67f91a4-8be8-4983-ba4b-fcd6bbe07425] INFO  o.e.m.i.launch.MavenLaunchDelegate -  mvn  -DarchetypeGroupId=org.apache.maven.archetypes -DarchetypeArtifactId=maven-archetype-archetype -DarchetypeVersion=1.0 -DgroupId=org.samble -DartifactId=orgsamble -Dversion=0.0.1-SNAPSHOT -Dpackage=org.samble.orgsamble -DoutputDirectory=/mnt/DECC06C3CC0695C5/Java -Dstyle.color=always -U archetype:generate
2025-01-11 21:39:08,155 [ModalContext] INFO  o.e.m.c.i.e.AbstractTransferListenerAdapter - Downloading https://repo.maven.apache.org/maven2/org/apache/maven/archetypes/maven-archetype-simple/1.5/maven-archetype-simple-1.5.pom
2025-01-11 21:39:08,158 [ModalContext] INFO  o.e.m.c.i.e.AbstractTransferListenerAdapter - Downloaded https://repo.maven.apache.org/maven2/org/apache/maven/archetypes/maven-archetype-simple/1.5/maven-archetype-simple-1.5.pom
2025-01-11 21:39:08,173 [ModalContext] INFO  o.e.m.c.i.e.AbstractTransferListenerAdapter - Downloading https://repo.maven.apache.org/maven2/org/apache/maven/archetypes/maven-archetype-bundles/1.5/maven-archetype-bundles-1.5.pom
2025-01-11 21:39:08,174 [ModalContext] INFO  o.e.m.c.i.e.AbstractTransferListenerAdapter - Downloaded https://repo.maven.apache.org/maven2/org/apache/maven/archetypes/maven-archetype-bundles/1.5/maven-archetype-bundles-1.5.pom
2025-01-11 21:39:08,217 [ModalContext] INFO  o.e.m.c.i.e.AbstractTransferListenerAdapter - Downloading https://repo.maven.apache.org/maven2/org/apache/maven/archetypes/maven-archetype-simple/1.5/maven-archetype-simple-1.5.jar
2025-01-11 21:39:08,220 [ModalContext] INFO  o.e.m.c.i.e.AbstractTransferListenerAdapter - Downloaded https://repo.maven.apache.org/maven2/org/apache/maven/archetypes/maven-archetype-simple/1.5/maven-archetype-simple-1.5.jar
2025-01-11 21:39:17,470 [Worker-102: Launching mavenrun-e398f0b2-9b24-44e3-a3af-12dd4a3776cf] INFO  o.e.m.i.launch.MavenLaunchDelegate - Run build in "/tmp/m2e-archetypeGenerator7826006714153080387":
2025-01-11 21:39:17,471 [Worker-102: Launching mavenrun-e398f0b2-9b24-44e3-a3af-12dd4a3776cf] INFO  o.e.m.i.launch.MavenLaunchDelegate -  mvn  -DarchetypeGroupId=org.apache.maven.archetypes -DarchetypeArtifactId=maven-archetype-simple -DarchetypeVersion=1.5 -DgroupId=org.samble -DartifactId=orgsamble -Dversion=0.0.1-SNAPSHOT -Dpackage=org.samble.orgsamble -DoutputDirectory=/mnt/DECC06C3CC0695C5/Java -Dstyle.color=always -U archetype:generate
2025-01-11 21:48:25,431 [Worker-106: reload maven project] ERROR o.e.m.c.i.p.r.ProjectRegistryManager - Failed to read Maven project: Some problems were encountered while processing the POMs:
[FATAL] Non-readable POM /mnt/DECC06C3CC0695C5/Java/apis_Em_Java/pom.xml: input contained no data @ 

org.apache.maven.project.ProjectBuildingException: Some problems were encountered while processing the POMs:
[FATAL] Non-readable POM /mnt/DECC06C3CC0695C5/Java/apis_Em_Java/pom.xml: input contained no data @ 

	at org.eclipse.m2e.core.internal.IMavenToolbox.readMavenProjects(IMavenToolbox.java:140)
	at org.eclipse.m2e.core.internal.project.registry.ProjectRegistryManager.lambda$22(ProjectRegistryManager.java:943)
	at org.eclipse.m2e.core.internal.embedder.MavenExecutionContext.executeBare(MavenExecutionContext.java:458)
	at org.eclipse.m2e.core.internal.embedder.MavenExecutionContext.execute(MavenExecutionContext.java:339)
	at org.eclipse.m2e.core.internal.embedder.MavenExecutionContext.execute(MavenExecutionContext.java:278)
	at org.eclipse.m2e.core.internal.project.registry.ProjectRegistryManager.readProjectsWithDependencies(ProjectRegistryManager.java:939)
	at org.eclipse.m2e.core.internal.project.registry.ProjectRegistryManager.create(ProjectRegistryManager.java:219)
	at org.eclipse.m2e.core.internal.project.registry.MavenProjectManager.create(MavenProjectManager.java:105)
	at org.eclipse.m2e.core.ui.internal.actions.SelectionUtil.getMavenProject(SelectionUtil.java:239)
	at org.eclipse.m2e.editor.pom.MavenPomEditor.readMavenProject(MavenPomEditor.java:709)
	at org.eclipse.m2e.editor.pom.MavenPomEditor$4.run(MavenPomEditor.java:1029)
	at org.eclipse.core.internal.jobs.Worker.run(Worker.java:63)
2025-01-12 00:53:04,190 [Worker-4: Loading available Gradle versions] INFO  o.e.b.c.i.u.g.PublishedGradleVersions - Gradle version information cache is out-of-date. Trying to update.
2025-01-12 21:08:08,387 [Worker-1: Loading available Gradle versions] INFO  o.e.b.c.i.u.g.PublishedGradleVersions - Gradle version information cache is up-to-date. Trying to read.
2025-01-23 00:41:32,078 [main] ERROR o.e.m.j.u.i.DownloadSourcesActionDelegate - Could not schedule source download
org.eclipse.jdt.core.JavaModelException: apis_Em_Java does not exist
	at org.eclipse.jdt.internal.core.JavaElement.newNotPresentException(JavaElement.java:546)
	at org.eclipse.jdt.internal.core.JavaModelManager.getPerProjectInfoCheckExistence(JavaModelManager.java:2535)
	at org.eclipse.jdt.internal.core.JavaProject.getPerProjectInfo(JavaProject.java:2329)
	at org.eclipse.jdt.internal.core.JavaProject.getResolvedClasspath(JavaProject.java:2402)
	at org.eclipse.jdt.internal.core.JavaProject.getClasspathEntryFor(JavaProject.java:1779)
	at org.eclipse.jdt.internal.core.PackageFragmentRoot.getSourceAttachmentPath(PackageFragmentRoot.java:679)
	at org.eclipse.m2e.jdt.ui.internal.DownloadSourcesActionDelegate.setActiveEditor(DownloadSourcesActionDelegate.java:50)
	at org.eclipse.ui.internal.EditorPluginAction.editorChanged(EditorPluginAction.java:69)
	at org.eclipse.ui.internal.EditorActionBuilder$EditorContribution.editorChanged(EditorActionBuilder.java:77)
	at org.eclipse.ui.internal.EditorActionBuilder$ExternalContributor.setActiveEditor(EditorActionBuilder.java:123)
	at org.eclipse.ui.internal.EditorActionBars.partChanged(EditorActionBars.java:338)
	at org.eclipse.ui.internal.WorkbenchPage.updateActivations(WorkbenchPage.java:325)
	at org.eclipse.ui.internal.WorkbenchPage$E4PartListener.partActivated(WorkbenchPage.java:214)
	at org.eclipse.e4.ui.internal.workbench.PartServiceImpl$2.run(PartServiceImpl.java:250)
	at org.eclipse.core.runtime.SafeRunner.run(SafeRunner.java:47)
	at org.eclipse.e4.ui.internal.workbench.PartServiceImpl.firePartActivated(PartServiceImpl.java:247)
	at org.eclipse.e4.ui.internal.workbench.PartServiceImpl.activate(PartServiceImpl.java:780)
	at org.eclipse.e4.ui.internal.workbench.PartServiceImpl.activate(PartServiceImpl.java:686)
	at org.eclipse.e4.ui.internal.workbench.swt.AbstractPartRenderer.activate(AbstractPartRenderer.java:95)
	at org.eclipse.e4.ui.workbench.renderers.swt.ContributedPartRenderer.lambda$0(ContributedPartRenderer.java:63)
	at org.eclipse.swt.widgets.EventTable.sendEvent(EventTable.java:91)
	at org.eclipse.swt.widgets.Display.sendEvent(Display.java:5857)
	at org.eclipse.swt.widgets.Widget.sendEvent(Widget.java:1617)
	at org.eclipse.swt.widgets.Widget.sendEvent(Widget.java:1643)
	at org.eclipse.swt.widgets.Widget.sendEvent(Widget.java:1626)
	at org.eclipse.swt.widgets.Shell.setActiveControl(Shell.java:2231)
	at org.eclipse.swt.widgets.Shell.setActiveControl(Shell.java:2194)
	at org.eclipse.swt.widgets.Control.sendFocusEvent(Control.java:4898)
	at org.eclipse.swt.widgets.Control.gtk_event_after(Control.java:3750)
	at org.eclipse.swt.widgets.Text.gtk_event_after(Text.java:1760)
	at org.eclipse.swt.widgets.Widget.windowProc(Widget.java:2585)
	at org.eclipse.swt.widgets.Control.windowProc(Control.java:6842)
	at org.eclipse.swt.widgets.Text.windowProc(Text.java:2992)
	at org.eclipse.swt.widgets.Display.windowProc(Display.java:6164)
	at org.eclipse.swt.internal.gtk.GTK.gtk_widget_grab_focus(Native Method)
	at org.eclipse.swt.widgets.Control.forceFocus(Control.java:2905)
	at org.eclipse.swt.widgets.Control.forceFocus(Control.java:2898)
	at org.eclipse.swt.widgets.Control.setFocus(Control.java:5475)
	at org.eclipse.swt.widgets.Composite.setFocus(Composite.java:1672)
	at org.eclipse.ui.internal.ErrorEditorPart.setFocus(ErrorEditorPart.java:84)
	at org.eclipse.ui.internal.e4.compatibility.CompatibilityPart.delegateSetFocus(CompatibilityPart.java:226)
	at java.base/jdk.internal.reflect.DirectMethodHandleAccessor.invoke(DirectMethodHandleAccessor.java:103)
	at java.base/java.lang.reflect.Method.invoke(Method.java:580)
	at org.eclipse.e4.core.internal.di.MethodRequestor.execute(MethodRequestor.java:56)
	at org.eclipse.e4.core.internal.di.InjectorImpl.invokeUsingClass(InjectorImpl.java:299)
	at org.eclipse.e4.core.internal.di.InjectorImpl.invokeUsingClass(InjectorImpl.java:305)
	at org.eclipse.e4.core.internal.di.InjectorImpl.invoke(InjectorImpl.java:227)
	at org.eclipse.e4.core.contexts.ContextInjectionFactory.invoke(ContextInjectionFactory.java:148)
	at org.eclipse.e4.ui.internal.workbench.swt.PartRenderingEngine.focusGui(PartRenderingEngine.java:789)
	at org.eclipse.e4.ui.workbench.renderers.swt.ContributedPartRenderer$1.setFocus(ContributedPartRenderer.java:107)
	at org.eclipse.swt.custom.CTabItem.setFocus(CTabItem.java:379)
	at org.eclipse.swt.custom.CTabFolder.setFocus(CTabFolder.java:2693)
	at org.eclipse.swt.widgets.Control.fixFocus(Control.java:321)
	at org.eclipse.swt.widgets.Control.setVisible(Control.java:6135)
	at org.eclipse.swt.custom.CTabFolder.setSelection(CTabFolder.java:3246)
	at org.eclipse.swt.custom.CTabFolder.setSelection(CTabFolder.java:3203)
	at org.eclipse.e4.ui.workbench.renderers.swt.StackRenderer.showTab(StackRenderer.java:1401)
	at org.eclipse.e4.ui.workbench.renderers.swt.LazyStackRenderer.lambda$0(LazyStackRenderer.java:84)
	at org.eclipse.e4.ui.services.internal.events.UIEventHandler.lambda$0(UIEventHandler.java:38)
	at org.eclipse.swt.widgets.Synchronizer.syncExec(Synchronizer.java:183)
	at org.eclipse.ui.internal.UISynchronizer.syncExec(UISynchronizer.java:133)
	at org.eclipse.swt.widgets.Display.syncExec(Display.java:5962)
	at org.eclipse.e4.ui.workbench.swt.DisplayUISynchronize.syncExec(DisplayUISynchronize.java:34)
	at org.eclipse.e4.ui.services.internal.events.UIEventHandler.handleEvent(UIEventHandler.java:38)
	at org.eclipse.equinox.internal.event.EventHandlerWrapper.handleEvent(EventHandlerWrapper.java:206)
	at org.eclipse.equinox.internal.event.EventHandlerTracker.dispatchEvent(EventHandlerTracker.java:201)
	at org.eclipse.equinox.internal.event.EventHandlerTracker.dispatchEvent(EventHandlerTracker.java:1)
	at org.eclipse.osgi.framework.eventmgr.EventManager.dispatchEvent(EventManager.java:230)
	at org.eclipse.osgi.framework.eventmgr.ListenerQueue.dispatchEventSynchronous(ListenerQueue.java:151)
	at org.eclipse.equinox.internal.event.EventAdminImpl.dispatchEvent(EventAdminImpl.java:131)
	at org.eclipse.equinox.internal.event.EventAdminImpl.sendEvent(EventAdminImpl.java:73)
	at org.eclipse.equinox.internal.event.EventComponent.sendEvent(EventComponent.java:44)
	at org.eclipse.e4.ui.services.internal.events.EventBroker.send(EventBroker.java:55)
	at org.eclipse.e4.ui.internal.workbench.UIEventPublisher.notifyChanged(UIEventPublisher.java:60)
	at org.eclipse.emf.common.notify.impl.BasicNotifierImpl.eNotify(BasicNotifierImpl.java:424)
	at org.eclipse.e4.ui.model.application.ui.impl.ElementContainerImpl.setSelectedElementGen(ElementContainerImpl.java:168)
	at org.eclipse.e4.ui.model.application.ui.impl.ElementContainerImpl.setSelectedElement(ElementContainerImpl.java:187)
	at org.eclipse.e4.ui.internal.workbench.PartServiceImpl.hidePart(PartServiceImpl.java:1391)
	at org.eclipse.e4.ui.internal.workbench.PartServiceImpl.hidePart(PartServiceImpl.java:1341)
	at org.eclipse.e4.ui.workbench.renderers.swt.StackRenderer.closePart(StackRenderer.java:1362)
	at org.eclipse.e4.ui.workbench.renderers.swt.StackRenderer$3.close(StackRenderer.java:1227)
	at org.eclipse.swt.custom.CTabFolder.onMouse(CTabFolder.java:1975)
	at org.eclipse.swt.custom.CTabFolder.lambda$0(CTabFolder.java:336)
	at org.eclipse.swt.widgets.EventTable.sendEvent(EventTable.java:91)
	at org.eclipse.swt.widgets.Display.sendEvent(Display.java:5857)
	at org.eclipse.swt.widgets.Widget.sendEvent(Widget.java:1617)
	at org.eclipse.swt.widgets.Display.runDeferredEvents(Display.java:5067)
	at org.eclipse.swt.widgets.Display.readAndDispatch(Display.java:4519)
	at org.eclipse.e4.ui.internal.workbench.swt.PartRenderingEngine$5.run(PartRenderingEngine.java:1151)
	at org.eclipse.core.databinding.observable.Realm.runWithDefault(Realm.java:339)
	at org.eclipse.e4.ui.internal.workbench.swt.PartRenderingEngine.run(PartRenderingEngine.java:1042)
	at org.eclipse.e4.ui.internal.workbench.E4Workbench.createAndRunUI(E4Workbench.java:153)
	at org.eclipse.ui.internal.Workbench.lambda$3(Workbench.java:663)
	at org.eclipse.core.databinding.observable.Realm.runWithDefault(Realm.java:339)
	at org.eclipse.ui.internal.Workbench.createAndRunWorkbench(Workbench.java:570)
	at org.eclipse.ui.PlatformUI.createAndRunWorkbench(PlatformUI.java:173)
	at org.eclipse.ui.internal.ide.application.IDEApplication.start(IDEApplication.java:178)
	at org.eclipse.equinox.internal.app.EclipseAppHandle.run(EclipseAppHandle.java:208)
	at org.eclipse.core.runtime.internal.adaptor.EclipseAppLauncher.runApplication(EclipseAppLauncher.java:143)
	at org.eclipse.core.runtime.internal.adaptor.EclipseAppLauncher.start(EclipseAppLauncher.java:109)
	at org.eclipse.core.runtime.adaptor.EclipseStarter.run(EclipseStarter.java:439)
	at org.eclipse.core.runtime.adaptor.EclipseStarter.run(EclipseStarter.java:271)
	at java.base/jdk.internal.reflect.DirectMethodHandleAccessor.invoke(DirectMethodHandleAccessor.java:103)
	at java.base/java.lang.reflect.Method.invoke(Method.java:580)
	at org.eclipse.equinox.launcher.Main.invokeFramework(Main.java:668)
	at org.eclipse.equinox.launcher.Main.basicRun(Main.java:605)
	at org.eclipse.equinox.launcher.Main.run(Main.java:1481)
	at org.eclipse.equinox.launcher.Main.main(Main.java:1454)
2025-01-23 20:14:11,916 [Worker-5: Loading available Gradle versions] INFO  o.e.b.c.i.u.g.PublishedGradleVersions - Gradle version information cache is up-to-date. Trying to read.
2025-01-24 19:09:05,786 [Worker-2: Loading available Gradle versions] INFO  o.e.b.c.i.u.g.PublishedGradleVersions - Gradle version information cache is out-of-date. Trying to update.
2025-01-26 06:07:03,432 [Worker-4: Loading available Gradle versions] INFO  o.e.b.c.i.u.g.PublishedGradleVersions - Gradle version information cache is out-of-date. Trying to update.
